2025-03-07 22:44:36,743 - vocabulary_api - INFO - Starting Vocabulary API server on port 5000
2025-03-07 22:44:36,743 - vocabulary_api - INFO - Database path: /home/sage/free-genai-bootcamp-2025/data/db.sqlite3
2025-03-07 22:44:36,749 - werkzeug - WARNING -  * Running on all addresses.
   WARNING: This is a development server. Do not use it in a production deployment.
2025-03-07 22:44:36,749 - werkzeug - INFO -  * Running on http://172.18.177.144:5000/ (Press CTRL+C to quit)
2025-03-07 22:44:36,758 - werkzeug - INFO -  * Restarting with watchdog (inotify)
2025-03-07 22:44:36,836 - vocabulary_api - INFO - Starting Vocabulary API server on port 5000
2025-03-07 22:44:36,836 - vocabulary_api - INFO - Database path: /home/sage/free-genai-bootcamp-2025/data/db.sqlite3
2025-03-07 22:44:36,838 - werkzeug - WARNING -  * Debugger is active!
2025-03-07 22:44:36,839 - werkzeug - INFO -  * Debugger PIN: 653-887-161
2025-03-07 22:45:32,898 - werkzeug - INFO -  * Detected change in '/home/sage/.local/lib/python3.10/site-packages/torch/cuda/__init__.py', reloading
2025-03-07 22:45:32,899 - werkzeug - INFO -  * Detected change in '/home/sage/.local/lib/python3.10/site-packages/torch/cuda/__init__.py', reloading
2025-03-07 22:45:32,899 - werkzeug - INFO -  * Detected change in '/home/sage/.local/lib/python3.10/site-packages/torch/__init__.py', reloading
2025-03-07 22:45:32,899 - werkzeug - INFO -  * Detected change in '/home/sage/.local/lib/python3.10/site-packages/torch/__init__.py', reloading
2025-03-07 22:45:32,899 - werkzeug - INFO -  * Detected change in '/home/sage/.local/lib/python3.10/site-packages/manga_ocr/ocr.py', reloading
2025-03-07 22:45:32,899 - werkzeug - INFO -  * Detected change in '/home/sage/.local/lib/python3.10/site-packages/manga_ocr/ocr.py', reloading
2025-03-07 22:45:32,900 - werkzeug - INFO -  * Detected change in '/home/sage/.local/lib/python3.10/site-packages/manga_ocr/__init__.py', reloading
2025-03-07 22:45:32,900 - werkzeug - INFO -  * Detected change in '/home/sage/.local/lib/python3.10/site-packages/manga_ocr/__init__.py', reloading
2025-03-07 22:45:32,900 - werkzeug - INFO -  * Detected change in '/home/sage/.local/lib/python3.10/site-packages/streamlit/runtime/scriptrunner/script_runner.py', reloading
2025-03-07 22:45:32,900 - werkzeug - INFO -  * Detected change in '/home/sage/.local/lib/python3.10/site-packages/streamlit/runtime/scriptrunner/script_runner.py', reloading
2025-03-07 22:45:32,901 - werkzeug - INFO -  * Detected change in '/home/sage/.local/lib/python3.10/site-packages/streamlit/runtime/scriptrunner/exec_code.py', reloading
2025-03-07 22:45:32,901 - werkzeug - INFO -  * Detected change in '/usr/lib/python3.10/threading.py', reloading
2025-03-07 22:45:32,901 - werkzeug - INFO -  * Detected change in '/home/sage/.local/lib/python3.10/site-packages/streamlit/runtime/scriptrunner/exec_code.py', reloading
2025-03-07 22:45:32,901 - werkzeug - INFO -  * Detected change in '/usr/lib/python3.10/threading.py', reloading
2025-03-07 22:45:32,948 - werkzeug - INFO -  * Detected change in '/home/sage/.local/lib/python3.10/site-packages/torch/nn/functional.py', reloading
2025-03-07 22:45:32,950 - werkzeug - INFO -  * Detected change in '/home/sage/.local/lib/python3.10/site-packages/torch/nn/functional.py', reloading
2025-03-07 22:45:32,967 - werkzeug - INFO -  * Detected change in '/home/sage/.local/lib/python3.10/site-packages/torch/nn/modules/rnn.py', reloading
2025-03-07 22:45:32,968 - werkzeug - INFO -  * Detected change in '/home/sage/.local/lib/python3.10/site-packages/torch/nn/modules/rnn.py', reloading
2025-03-07 22:45:32,977 - werkzeug - INFO -  * Detected change in '/home/sage/.local/lib/python3.10/site-packages/torch/functional.py', reloading
2025-03-07 22:45:32,978 - werkzeug - INFO -  * Detected change in '/home/sage/.local/lib/python3.10/site-packages/torch/functional.py', reloading
2025-03-07 22:45:33,171 - werkzeug - INFO -  * Detected change in '/home/sage/.local/lib/python3.10/site-packages/torch/library.py', reloading
2025-03-07 22:45:33,171 - werkzeug - INFO -  * Detected change in '/home/sage/.local/lib/python3.10/site-packages/torch/library.py', reloading
2025-03-07 22:45:33,171 - werkzeug - INFO -  * Detected change in '/home/sage/.local/lib/python3.10/site-packages/torch/_prims/nvfuser_prims.py', reloading
2025-03-07 22:45:33,171 - werkzeug - INFO -  * Detected change in '/home/sage/.local/lib/python3.10/site-packages/torch/_prims/nvfuser_prims.py', reloading
2025-03-07 22:45:33,195 - werkzeug - INFO -  * Restarting with watchdog (inotify)
2025-03-07 22:45:33,274 - vocabulary_api - INFO - Starting Vocabulary API server on port 5000
2025-03-07 22:45:33,274 - vocabulary_api - INFO - Database path: /home/sage/free-genai-bootcamp-2025/data/db.sqlite3
2025-03-07 22:45:33,277 - werkzeug - WARNING -  * Debugger is active!
2025-03-07 22:45:33,277 - werkzeug - INFO -  * Debugger PIN: 653-887-161
2025-03-07 22:45:33,448 - werkzeug - INFO -  * Detected change in '/home/sage/.local/lib/python3.10/site-packages/torch/_prims/__init__.py', reloading
2025-03-07 22:45:33,467 - werkzeug - INFO -  * Restarting with watchdog (inotify)
2025-03-07 22:45:33,546 - vocabulary_api - INFO - Starting Vocabulary API server on port 5000
2025-03-07 22:45:33,546 - vocabulary_api - INFO - Database path: /home/sage/free-genai-bootcamp-2025/data/db.sqlite3
2025-03-07 22:45:33,549 - werkzeug - WARNING -  * Debugger is active!
2025-03-07 22:45:33,549 - werkzeug - INFO -  * Debugger PIN: 653-887-161
2025-03-07 22:45:33,874 - werkzeug - INFO -  * Detected change in '/home/sage/.local/lib/python3.10/site-packages/streamlit/env_util.py', reloading
2025-03-07 22:45:33,874 - werkzeug - INFO -  * Detected change in '/home/sage/.local/lib/python3.10/site-packages/streamlit/env_util.py', reloading
2025-03-07 22:45:33,874 - werkzeug - INFO -  * Detected change in '/home/sage/.local/lib/python3.10/site-packages/streamlit/delta_generator.py', reloading
2025-03-07 22:45:33,875 - werkzeug - INFO -  * Detected change in '/home/sage/.local/lib/python3.10/site-packages/streamlit/delta_generator.py', reloading
2025-03-07 22:45:33,875 - werkzeug - INFO -  * Detected change in '/home/sage/.local/lib/python3.10/site-packages/streamlit/elements/heading.py', reloading
2025-03-07 22:45:33,875 - werkzeug - INFO -  * Detected change in '/home/sage/.local/lib/python3.10/site-packages/streamlit/elements/heading.py', reloading
2025-03-07 22:45:33,875 - werkzeug - INFO -  * Detected change in '/home/sage/.local/lib/python3.10/site-packages/streamlit/runtime/metrics_util.py', reloading
2025-03-07 22:45:33,875 - werkzeug - INFO -  * Detected change in '/home/sage/.local/lib/python3.10/site-packages/streamlit/runtime/metrics_util.py', reloading
2025-03-07 22:45:33,879 - werkzeug - INFO - 127.0.0.1 - - [07/Mar/2025 22:45:33] "GET /api/groups/1/raw HTTP/1.1" 200 -
2025-03-07 22:45:33,885 - werkzeug - INFO - 127.0.0.1 - - [07/Mar/2025 22:45:33] "GET /api/health HTTP/1.1" 200 -
2025-03-07 22:45:34,754 - werkzeug - INFO -  * Restarting with watchdog (inotify)
2025-03-07 22:45:34,828 - vocabulary_api - INFO - Starting Vocabulary API server on port 5000
2025-03-07 22:45:34,828 - vocabulary_api - INFO - Database path: /home/sage/free-genai-bootcamp-2025/data/db.sqlite3
2025-03-07 22:45:34,830 - werkzeug - WARNING -  * Debugger is active!
2025-03-07 22:45:34,831 - werkzeug - INFO -  * Debugger PIN: 653-887-161
2025-03-07 22:45:43,965 - werkzeug - INFO - 127.0.0.1 - - [07/Mar/2025 22:45:43] "GET /api/groups/1/raw HTTP/1.1" 200 -
2025-03-07 22:45:43,970 - werkzeug - INFO - 127.0.0.1 - - [07/Mar/2025 22:45:43] "GET /api/health HTTP/1.1" 200 -
2025-03-08 10:54:51,649 - vocabulary_api - INFO - Starting Vocabulary API server on port 5000
2025-03-08 10:54:51,650 - vocabulary_api - INFO - Database path: /home/sage/free-genai-bootcamp-2025/data/db.sqlite3
2025-03-08 10:54:51,658 - werkzeug - WARNING -  * Running on all addresses.
   WARNING: This is a development server. Do not use it in a production deployment.
2025-03-08 10:54:51,658 - werkzeug - INFO -  * Running on http://172.18.177.144:5000/ (Press CTRL+C to quit)
2025-03-08 10:54:51,669 - werkzeug - INFO -  * Restarting with watchdog (inotify)
2025-03-08 10:54:51,748 - vocabulary_api - INFO - Starting Vocabulary API server on port 5000
2025-03-08 10:54:51,748 - vocabulary_api - INFO - Database path: /home/sage/free-genai-bootcamp-2025/data/db.sqlite3
2025-03-08 10:54:51,748 - vocabulary_api - ERROR - Port 5000 is already in use. Please free this port or change the port number.
2025-03-08 10:55:15,897 - vocabulary_api - INFO - Starting Vocabulary API server on port 5000
2025-03-08 10:55:15,897 - vocabulary_api - INFO - Database path: /home/sage/free-genai-bootcamp-2025/data/db.sqlite3
2025-03-08 10:55:15,900 - werkzeug - WARNING -  * Running on all addresses.
   WARNING: This is a development server. Do not use it in a production deployment.
2025-03-08 10:55:15,900 - werkzeug - INFO -  * Running on http://172.18.177.144:5000/ (Press CTRL+C to quit)
2025-03-08 10:55:15,903 - werkzeug - INFO -  * Restarting with watchdog (inotify)
2025-03-08 10:55:15,974 - vocabulary_api - INFO - Starting Vocabulary API server on port 5000
2025-03-08 10:55:15,974 - vocabulary_api - INFO - Database path: /home/sage/free-genai-bootcamp-2025/data/db.sqlite3
2025-03-08 10:55:15,974 - vocabulary_api - ERROR - Port 5000 is already in use. Please free this port or change the port number.
2025-03-08 11:00:47,587 - vocabulary_api - INFO - Starting Vocabulary API server on port 5000
2025-03-08 11:00:47,588 - vocabulary_api - INFO - Database path: /home/sage/free-genai-bootcamp-2025/data/db.sqlite3
2025-03-08 11:00:47,590 - werkzeug - WARNING -  * Running on all addresses.
   WARNING: This is a development server. Do not use it in a production deployment.
2025-03-08 11:00:47,590 - werkzeug - INFO -  * Running on http://172.18.177.144:5000/ (Press CTRL+C to quit)
2025-03-08 11:00:47,593 - werkzeug - INFO -  * Restarting with watchdog (inotify)
2025-03-08 11:00:47,665 - vocabulary_api - INFO - Starting Vocabulary API server on port 5000
2025-03-08 11:00:47,666 - vocabulary_api - INFO - Database path: /home/sage/free-genai-bootcamp-2025/data/db.sqlite3
2025-03-08 11:00:47,666 - vocabulary_api - ERROR - Port 5000 is already in use. Please free this port or change the port number.
2025-03-08 11:02:08,006 - vocabulary_api - INFO - Starting Vocabulary API server on port 5000
2025-03-08 11:02:08,006 - vocabulary_api - INFO - Database path: /home/sage/free-genai-bootcamp-2025/data/db.sqlite3
2025-03-08 11:02:08,009 - werkzeug - WARNING -  * Running on all addresses.
   WARNING: This is a development server. Do not use it in a production deployment.
2025-03-08 11:02:08,009 - werkzeug - INFO -  * Running on http://172.18.177.144:5000/ (Press CTRL+C to quit)
2025-03-08 11:02:08,013 - werkzeug - INFO -  * Restarting with watchdog (inotify)
2025-03-08 11:02:08,088 - vocabulary_api - INFO - Starting Vocabulary API server on port 5000
2025-03-08 11:02:08,088 - vocabulary_api - INFO - Database path: /home/sage/free-genai-bootcamp-2025/data/db.sqlite3
2025-03-08 11:02:08,088 - vocabulary_api - ERROR - Port 5000 is already in use. Please free this port or change the port number.
2025-03-08 11:34:32,335 - vocabulary_api - INFO - Starting Vocabulary API server on port 5000
2025-03-08 11:34:32,335 - vocabulary_api - INFO - Database path: /home/sage/free-genai-bootcamp-2025/data/db.sqlite3
2025-03-08 11:34:32,339 - werkzeug - WARNING -  * Running on all addresses.
   WARNING: This is a development server. Do not use it in a production deployment.
2025-03-08 11:34:32,339 - werkzeug - INFO -  * Running on http://172.18.177.144:5000/ (Press CTRL+C to quit)
2025-03-08 11:34:32,342 - werkzeug - INFO -  * Restarting with watchdog (inotify)
2025-03-08 11:34:32,414 - vocabulary_api - INFO - Starting Vocabulary API server on port 5000
2025-03-08 11:34:32,414 - vocabulary_api - INFO - Database path: /home/sage/free-genai-bootcamp-2025/data/db.sqlite3
2025-03-08 11:34:32,414 - vocabulary_api - ERROR - Port 5000 is already in use. Please free this port or change the port number.
